<?xml version="1.0" encoding="UTF-8"?>
<testng-results skipped="0" failed="1" ignored="2" total="19" passed="16">
  <reporter-output>
  </reporter-output>
  <suite name="Suite" duration-ms="52102" started-at="2021-10-19T16:27:35 IST" finished-at="2021-10-19T16:28:27 IST">
    <groups>
    </groups>
    <test name="Test" duration-ms="52102" started-at="2021-10-19T16:27:35 IST" finished-at="2021-10-19T16:28:27 IST">
      <class name="ngExtentReport.Amazon">
        <test-method status="PASS" signature="BrowserLaunch()[pri:0, instance:ngExtentReport.Amazon@1e6d1014]" name="BrowserLaunch" is-config="true" duration-ms="17144" started-at="2021-10-19T16:27:18 IST" finished-at="2021-10-19T16:27:35 IST">
          <reporter-output>
          </reporter-output>
        </test-method> <!-- BrowserLaunch -->
        <test-method status="PASS" signature="Application()[pri:0, instance:ngExtentReport.Amazon@1e6d1014]" name="Application" duration-ms="27746" started-at="2021-10-19T16:27:35 IST" finished-at="2021-10-19T16:28:03 IST">
          <reporter-output>
          </reporter-output>
        </test-method> <!-- Application -->
        <test-method status="PASS" signature="Teardown(org.testng.ITestResult)[pri:0, instance:ngExtentReport.Amazon@1e6d1014]" name="Teardown" is-config="true" duration-ms="844" started-at="2021-10-19T16:28:03 IST" finished-at="2021-10-19T16:28:04 IST">
          <params>
            <param index="0">
              <value>
                <![CDATA[[TestResult name=Application status=SUCCESS method=Amazon.Application()[pri:0, instance:ngExtentReport.Amazon@1e6d1014] output={null}]]]>
              </value>
            </param>
          </params>
          <reporter-output>
          </reporter-output>
        </test-method> <!-- Teardown -->
        <test-method status="PASS" signature="getResults(org.testng.ITestResult)[pri:0, instance:ngExtentReport.Amazon@1e6d1014]" name="getResults" is-config="true" duration-ms="1" started-at="2021-10-19T16:28:04 IST" finished-at="2021-10-19T16:28:04 IST">
          <params>
            <param index="0">
              <value>
                <![CDATA[[TestResult name=Application status=SUCCESS method=Amazon.Application()[pri:0, instance:ngExtentReport.Amazon@1e6d1014] output={null}]]]>
              </value>
            </param>
          </params>
          <reporter-output>
          </reporter-output>
        </test-method> <!-- getResults -->
        <test-method status="PASS" signature="validation()[pri:1, instance:ngExtentReport.Amazon@1e6d1014]" name="validation" duration-ms="3045" started-at="2021-10-19T16:28:04 IST" finished-at="2021-10-19T16:28:07 IST">
          <reporter-output>
          </reporter-output>
        </test-method> <!-- validation -->
        <test-method status="PASS" signature="getResults(org.testng.ITestResult)[pri:0, instance:ngExtentReport.Amazon@1e6d1014]" name="getResults" is-config="true" duration-ms="1" started-at="2021-10-19T16:28:07 IST" finished-at="2021-10-19T16:28:07 IST">
          <params>
            <param index="0">
              <value>
                <![CDATA[[TestResult name=validation status=SUCCESS method=Amazon.validation()[pri:1, instance:ngExtentReport.Amazon@1e6d1014] output={null}]]]>
              </value>
            </param>
          </params>
          <reporter-output>
          </reporter-output>
        </test-method> <!-- getResults -->
        <test-method status="PASS" signature="Teardown(org.testng.ITestResult)[pri:0, instance:ngExtentReport.Amazon@1e6d1014]" name="Teardown" is-config="true" duration-ms="0" started-at="2021-10-19T16:28:07 IST" finished-at="2021-10-19T16:28:07 IST">
          <params>
            <param index="0">
              <value>
                <![CDATA[[TestResult name=validation status=SUCCESS method=Amazon.validation()[pri:1, instance:ngExtentReport.Amazon@1e6d1014] output={null}]]]>
              </value>
            </param>
          </params>
          <reporter-output>
          </reporter-output>
        </test-method> <!-- Teardown -->
        <test-method status="PASS" signature="verifyTitle()[pri:2, instance:ngExtentReport.Amazon@1e6d1014]" name="verifyTitle" duration-ms="50" started-at="2021-10-19T16:28:07 IST" finished-at="2021-10-19T16:28:07 IST">
          <reporter-output>
          </reporter-output>
        </test-method> <!-- verifyTitle -->
        <test-method status="PASS" signature="Teardown(org.testng.ITestResult)[pri:0, instance:ngExtentReport.Amazon@1e6d1014]" name="Teardown" is-config="true" duration-ms="1" started-at="2021-10-19T16:28:07 IST" finished-at="2021-10-19T16:28:07 IST">
          <params>
            <param index="0">
              <value>
                <![CDATA[[TestResult name=verifyTitle status=SUCCESS method=Amazon.verifyTitle()[pri:2, instance:ngExtentReport.Amazon@1e6d1014] output={null}]]]>
              </value>
            </param>
          </params>
          <reporter-output>
          </reporter-output>
        </test-method> <!-- Teardown -->
        <test-method status="PASS" signature="getResults(org.testng.ITestResult)[pri:0, instance:ngExtentReport.Amazon@1e6d1014]" name="getResults" is-config="true" duration-ms="1" started-at="2021-10-19T16:28:07 IST" finished-at="2021-10-19T16:28:07 IST">
          <params>
            <param index="0">
              <value>
                <![CDATA[[TestResult name=verifyTitle status=SUCCESS method=Amazon.verifyTitle()[pri:2, instance:ngExtentReport.Amazon@1e6d1014] output={null}]]]>
              </value>
            </param>
          </params>
          <reporter-output>
          </reporter-output>
        </test-method> <!-- getResults -->
        <test-method status="PASS" signature="SearchMobile()[pri:0, instance:ngExtentReport.Amazon@1e6d1014]" name="SearchMobile" duration-ms="6996" started-at="2021-10-19T16:28:07 IST" depends-on-methods="ngExtentReport.Amazon.verifyTitle" finished-at="2021-10-19T16:28:14 IST">
          <reporter-output>
          </reporter-output>
        </test-method> <!-- SearchMobile -->
        <test-method status="PASS" signature="Teardown(org.testng.ITestResult)[pri:0, instance:ngExtentReport.Amazon@1e6d1014]" name="Teardown" is-config="true" duration-ms="0" started-at="2021-10-19T16:28:14 IST" finished-at="2021-10-19T16:28:14 IST">
          <params>
            <param index="0">
              <value>
                <![CDATA[[TestResult name=SearchMobile status=SUCCESS method=Amazon.SearchMobile()[pri:0, instance:ngExtentReport.Amazon@1e6d1014] output={null}]]]>
              </value>
            </param>
          </params>
          <reporter-output>
          </reporter-output>
        </test-method> <!-- Teardown -->
        <test-method status="PASS" signature="getResults(org.testng.ITestResult)[pri:0, instance:ngExtentReport.Amazon@1e6d1014]" name="getResults" is-config="true" duration-ms="0" started-at="2021-10-19T16:28:14 IST" finished-at="2021-10-19T16:28:14 IST">
          <params>
            <param index="0">
              <value>
                <![CDATA[[TestResult name=SearchMobile status=SUCCESS method=Amazon.SearchMobile()[pri:0, instance:ngExtentReport.Amazon@1e6d1014] output={null}]]]>
              </value>
            </param>
          </params>
          <reporter-output>
          </reporter-output>
        </test-method> <!-- getResults -->
        <test-method status="PASS" signature="clickonMobile()[pri:0, instance:ngExtentReport.Amazon@1e6d1014]" name="clickonMobile" duration-ms="216" started-at="2021-10-19T16:28:14 IST" depends-on-methods="ngExtentReport.Amazon.SearchMobile" finished-at="2021-10-19T16:28:14 IST">
          <reporter-output>
          </reporter-output>
        </test-method> <!-- clickonMobile -->
        <test-method status="PASS" signature="getResults(org.testng.ITestResult)[pri:0, instance:ngExtentReport.Amazon@1e6d1014]" name="getResults" is-config="true" duration-ms="1" started-at="2021-10-19T16:28:14 IST" finished-at="2021-10-19T16:28:14 IST">
          <params>
            <param index="0">
              <value>
                <![CDATA[[TestResult name=clickonMobile status=SUCCESS method=Amazon.clickonMobile()[pri:0, instance:ngExtentReport.Amazon@1e6d1014] output={null}]]]>
              </value>
            </param>
          </params>
          <reporter-output>
          </reporter-output>
        </test-method> <!-- getResults -->
        <test-method status="PASS" signature="Teardown(org.testng.ITestResult)[pri:0, instance:ngExtentReport.Amazon@1e6d1014]" name="Teardown" is-config="true" duration-ms="0" started-at="2021-10-19T16:28:14 IST" finished-at="2021-10-19T16:28:14 IST">
          <params>
            <param index="0">
              <value>
                <![CDATA[[TestResult name=clickonMobile status=SUCCESS method=Amazon.clickonMobile()[pri:0, instance:ngExtentReport.Amazon@1e6d1014] output={null}]]]>
              </value>
            </param>
          </params>
          <reporter-output>
          </reporter-output>
        </test-method> <!-- Teardown -->
        <test-method status="FAIL" signature="BrandName()[pri:3, instance:ngExtentReport.Amazon@1e6d1014]" name="BrandName" duration-ms="1769" started-at="2021-10-19T16:28:14 IST" finished-at="2021-10-19T16:28:16 IST">
          <exception class="org.openqa.selenium.ElementClickInterceptedException">
            <message>
              <![CDATA[element click intercepted: Element <span class="a-size-base a-color-base" dir="auto">...</span> is not clickable at point (72, 505). Other element would receive the click: <div id="nav-cover" style="z-index: auto; height: 8912px; display: block;"></div>
  (Session info: chrome=94.0.4606.81)
Build info: version: '3.141.59', revision: 'e82be7d358', time: '2018-11-14T08:17:03'
System info: host: 'PRARTHAA', ip: '192.168.43.4', os.name: 'Windows 10', os.arch: 'amd64', os.version: '10.0', java.version: '1.8.0_192'
Driver info: org.openqa.selenium.chrome.ChromeDriver
Capabilities {acceptInsecureCerts: false, browserName: chrome, browserVersion: 94.0.4606.81, chrome: {chromedriverVersion: 94.0.4606.61 (418b78f5838ed..., userDataDir: C:\Users\DELL\AppData\Local...}, goog:chromeOptions: {debuggerAddress: localhost:52940}, javascriptEnabled: true, networkConnectionEnabled: false, pageLoadStrategy: normal, platform: WINDOWS, platformName: WINDOWS, proxy: Proxy(), setWindowRect: true, strictFileInteractability: false, timeouts: {implicit: 0, pageLoad: 300000, script: 30000}, unhandledPromptBehavior: dismiss and notify, webauthn:extension:credBlob: true, webauthn:extension:largeBlob: true, webauthn:virtualAuthenticators: true}
Session ID: 8b66b4835883d6981583fe2ecf88db25]]>
            </message>
            <full-stacktrace>
              <![CDATA[org.openqa.selenium.ElementClickInterceptedException: element click intercepted: Element <span class="a-size-base a-color-base" dir="auto">...</span> is not clickable at point (72, 505). Other element would receive the click: <div id="nav-cover" style="z-index: auto; height: 8912px; display: block;"></div>
  (Session info: chrome=94.0.4606.81)
Build info: version: '3.141.59', revision: 'e82be7d358', time: '2018-11-14T08:17:03'
System info: host: 'PRARTHAA', ip: '192.168.43.4', os.name: 'Windows 10', os.arch: 'amd64', os.version: '10.0', java.version: '1.8.0_192'
Driver info: org.openqa.selenium.chrome.ChromeDriver
Capabilities {acceptInsecureCerts: false, browserName: chrome, browserVersion: 94.0.4606.81, chrome: {chromedriverVersion: 94.0.4606.61 (418b78f5838ed..., userDataDir: C:\Users\DELL\AppData\Local...}, goog:chromeOptions: {debuggerAddress: localhost:52940}, javascriptEnabled: true, networkConnectionEnabled: false, pageLoadStrategy: normal, platform: WINDOWS, platformName: WINDOWS, proxy: Proxy(), setWindowRect: true, strictFileInteractability: false, timeouts: {implicit: 0, pageLoad: 300000, script: 30000}, unhandledPromptBehavior: dismiss and notify, webauthn:extension:credBlob: true, webauthn:extension:largeBlob: true, webauthn:virtualAuthenticators: true}
Session ID: 8b66b4835883d6981583fe2ecf88db25
at sun.reflect.NativeConstructorAccessorImpl.newInstance0(Native Method)
at sun.reflect.NativeConstructorAccessorImpl.newInstance(NativeConstructorAccessorImpl.java:62)
at sun.reflect.DelegatingConstructorAccessorImpl.newInstance(DelegatingConstructorAccessorImpl.java:45)
at java.lang.reflect.Constructor.newInstance(Constructor.java:423)
at org.openqa.selenium.remote.http.W3CHttpResponseCodec.createException(W3CHttpResponseCodec.java:187)
at org.openqa.selenium.remote.http.W3CHttpResponseCodec.decode(W3CHttpResponseCodec.java:122)
at org.openqa.selenium.remote.http.W3CHttpResponseCodec.decode(W3CHttpResponseCodec.java:49)
at org.openqa.selenium.remote.HttpCommandExecutor.execute(HttpCommandExecutor.java:158)
at org.openqa.selenium.remote.service.DriverCommandExecutor.execute(DriverCommandExecutor.java:83)
at org.openqa.selenium.remote.RemoteWebDriver.execute(RemoteWebDriver.java:552)
at org.openqa.selenium.remote.RemoteWebElement.execute(RemoteWebElement.java:285)
at org.openqa.selenium.remote.RemoteWebElement.click(RemoteWebElement.java:84)
at ngExtentReport.Amazon.BrandName(Amazon.java:85)
at sun.reflect.NativeMethodAccessorImpl.invoke0(Native Method)
at sun.reflect.NativeMethodAccessorImpl.invoke(NativeMethodAccessorImpl.java:62)
at sun.reflect.DelegatingMethodAccessorImpl.invoke(DelegatingMethodAccessorImpl.java:43)
at java.lang.reflect.Method.invoke(Method.java:498)
at org.testng.internal.MethodInvocationHelper.invokeMethod(MethodInvocationHelper.java:133)
at org.testng.internal.TestInvoker.invokeMethod(TestInvoker.java:598)
at org.testng.internal.TestInvoker.invokeTestMethod(TestInvoker.java:173)
at org.testng.internal.MethodRunner.runInSequence(MethodRunner.java:46)
at org.testng.internal.TestInvoker$MethodInvocationAgent.invoke(TestInvoker.java:824)
at org.testng.internal.TestInvoker.invokeTestMethods(TestInvoker.java:146)
at org.testng.internal.TestMethodWorker.invokeTestMethods(TestMethodWorker.java:146)
at org.testng.internal.TestMethodWorker.run(TestMethodWorker.java:128)
at java.util.ArrayList.forEach(ArrayList.java:1257)
at org.testng.TestRunner.privateRun(TestRunner.java:794)
at org.testng.TestRunner.run(TestRunner.java:596)
at org.testng.SuiteRunner.runTest(SuiteRunner.java:377)
at org.testng.SuiteRunner.runSequentially(SuiteRunner.java:371)
at org.testng.SuiteRunner.privateRun(SuiteRunner.java:332)
at org.testng.SuiteRunner.run(SuiteRunner.java:276)
at org.testng.SuiteRunnerWorker.runSuite(SuiteRunnerWorker.java:53)
at org.testng.SuiteRunnerWorker.run(SuiteRunnerWorker.java:96)
at org.testng.TestNG.runSuitesSequentially(TestNG.java:1212)
at org.testng.TestNG.runSuitesLocally(TestNG.java:1134)
at org.testng.TestNG.runSuites(TestNG.java:1063)
at org.testng.TestNG.run(TestNG.java:1031)
at org.apache.maven.surefire.testng.TestNGExecutor.run(TestNGExecutor.java:284)
at org.apache.maven.surefire.testng.TestNGXmlTestSuite.execute(TestNGXmlTestSuite.java:75)
at org.apache.maven.surefire.testng.TestNGProvider.invoke(TestNGProvider.java:119)
at org.apache.maven.surefire.booter.ForkedBooter.runSuitesInProcess(ForkedBooter.java:428)
at org.apache.maven.surefire.booter.ForkedBooter.execute(ForkedBooter.java:162)
at org.apache.maven.surefire.booter.ForkedBooter.run(ForkedBooter.java:562)
at org.apache.maven.surefire.booter.ForkedBooter.main(ForkedBooter.java:548)
]]>
            </full-stacktrace>
          </exception> <!-- org.openqa.selenium.ElementClickInterceptedException -->
          <reporter-output>
          </reporter-output>
        </test-method> <!-- BrandName -->
        <test-method status="PASS" signature="Teardown(org.testng.ITestResult)[pri:0, instance:ngExtentReport.Amazon@1e6d1014]" name="Teardown" is-config="true" duration-ms="26" started-at="2021-10-19T16:28:16 IST" finished-at="2021-10-19T16:28:16 IST">
          <params>
            <param index="0">
              <value>
                <![CDATA[[TestResult name=BrandName status=FAILURE method=Amazon.BrandName()[pri:3, instance:ngExtentReport.Amazon@1e6d1014] output={null}]]]>
              </value>
            </param>
          </params>
          <reporter-output>
          </reporter-output>
        </test-method> <!-- Teardown -->
        <test-method status="PASS" signature="getResults(org.testng.ITestResult)[pri:0, instance:ngExtentReport.Amazon@1e6d1014]" name="getResults" is-config="true" duration-ms="865" started-at="2021-10-19T16:28:16 IST" finished-at="2021-10-19T16:28:17 IST">
          <params>
            <param index="0">
              <value>
                <![CDATA[[TestResult name=BrandName status=FAILURE method=Amazon.BrandName()[pri:3, instance:ngExtentReport.Amazon@1e6d1014] output={null}]]]>
              </value>
            </param>
          </params>
          <reporter-output>
          </reporter-output>
        </test-method> <!-- getResults -->
        <test-method status="PASS" signature="LowPriceRange()[pri:4, instance:ngExtentReport.Amazon@1e6d1014]" name="LowPriceRange" duration-ms="182" started-at="2021-10-19T16:28:17 IST" finished-at="2021-10-19T16:28:17 IST">
          <reporter-output>
          </reporter-output>
        </test-method> <!-- LowPriceRange -->
        <test-method status="PASS" signature="getResults(org.testng.ITestResult)[pri:0, instance:ngExtentReport.Amazon@1e6d1014]" name="getResults" is-config="true" duration-ms="1" started-at="2021-10-19T16:28:17 IST" finished-at="2021-10-19T16:28:17 IST">
          <params>
            <param index="0">
              <value>
                <![CDATA[[TestResult name=LowPriceRange status=SUCCESS method=Amazon.LowPriceRange()[pri:4, instance:ngExtentReport.Amazon@1e6d1014] output={null}]]]>
              </value>
            </param>
          </params>
          <reporter-output>
          </reporter-output>
        </test-method> <!-- getResults -->
        <test-method status="PASS" signature="Teardown(org.testng.ITestResult)[pri:0, instance:ngExtentReport.Amazon@1e6d1014]" name="Teardown" is-config="true" duration-ms="0" started-at="2021-10-19T16:28:17 IST" finished-at="2021-10-19T16:28:17 IST">
          <params>
            <param index="0">
              <value>
                <![CDATA[[TestResult name=LowPriceRange status=SUCCESS method=Amazon.LowPriceRange()[pri:4, instance:ngExtentReport.Amazon@1e6d1014] output={null}]]]>
              </value>
            </param>
          </params>
          <reporter-output>
          </reporter-output>
        </test-method> <!-- Teardown -->
        <test-method status="PASS" signature="HighPriceRange()[pri:5, instance:ngExtentReport.Amazon@1e6d1014]" name="HighPriceRange" duration-ms="185" started-at="2021-10-19T16:28:17 IST" finished-at="2021-10-19T16:28:17 IST">
          <reporter-output>
          </reporter-output>
        </test-method> <!-- HighPriceRange -->
        <test-method status="PASS" signature="getResults(org.testng.ITestResult)[pri:0, instance:ngExtentReport.Amazon@1e6d1014]" name="getResults" is-config="true" duration-ms="1" started-at="2021-10-19T16:28:17 IST" finished-at="2021-10-19T16:28:17 IST">
          <params>
            <param index="0">
              <value>
                <![CDATA[[TestResult name=HighPriceRange status=SUCCESS method=Amazon.HighPriceRange()[pri:5, instance:ngExtentReport.Amazon@1e6d1014] output={null}]]]>
              </value>
            </param>
          </params>
          <reporter-output>
          </reporter-output>
        </test-method> <!-- getResults -->
        <test-method status="PASS" signature="Teardown(org.testng.ITestResult)[pri:0, instance:ngExtentReport.Amazon@1e6d1014]" name="Teardown" is-config="true" duration-ms="0" started-at="2021-10-19T16:28:17 IST" finished-at="2021-10-19T16:28:17 IST">
          <params>
            <param index="0">
              <value>
                <![CDATA[[TestResult name=HighPriceRange status=SUCCESS method=Amazon.HighPriceRange()[pri:5, instance:ngExtentReport.Amazon@1e6d1014] output={null}]]]>
              </value>
            </param>
          </params>
          <reporter-output>
          </reporter-output>
        </test-method> <!-- Teardown -->
        <test-method status="PASS" signature="GoButton()[pri:6, instance:ngExtentReport.Amazon@1e6d1014]" name="GoButton" duration-ms="3885" started-at="2021-10-19T16:28:17 IST" finished-at="2021-10-19T16:28:21 IST">
          <reporter-output>
          </reporter-output>
        </test-method> <!-- GoButton -->
        <test-method status="PASS" signature="Teardown(org.testng.ITestResult)[pri:0, instance:ngExtentReport.Amazon@1e6d1014]" name="Teardown" is-config="true" duration-ms="1" started-at="2021-10-19T16:28:21 IST" finished-at="2021-10-19T16:28:21 IST">
          <params>
            <param index="0">
              <value>
                <![CDATA[[TestResult name=GoButton status=SUCCESS method=Amazon.GoButton()[pri:6, instance:ngExtentReport.Amazon@1e6d1014] output={null}]]]>
              </value>
            </param>
          </params>
          <reporter-output>
          </reporter-output>
        </test-method> <!-- Teardown -->
        <test-method status="PASS" signature="getResults(org.testng.ITestResult)[pri:0, instance:ngExtentReport.Amazon@1e6d1014]" name="getResults" is-config="true" duration-ms="0" started-at="2021-10-19T16:28:21 IST" finished-at="2021-10-19T16:28:21 IST">
          <params>
            <param index="0">
              <value>
                <![CDATA[[TestResult name=GoButton status=SUCCESS method=Amazon.GoButton()[pri:6, instance:ngExtentReport.Amazon@1e6d1014] output={null}]]]>
              </value>
            </param>
          </params>
          <reporter-output>
          </reporter-output>
        </test-method> <!-- getResults -->
        <test-method status="PASS" signature="endsReport()[pri:0, instance:ngExtentReport.Amazon@1e6d1014]" name="endsReport" is-config="true" duration-ms="9652" started-at="2021-10-19T16:28:28 IST" finished-at="2021-10-19T16:28:37 IST">
          <reporter-output>
          </reporter-output>
        </test-method> <!-- endsReport -->
      </class> <!-- ngExtentReport.Amazon -->
      <class name="ngExtentReport.PrimusBank">
        <test-method status="PASS" signature="Application()[pri:0, instance:ngExtentReport.PrimusBank@26aa12dd]" name="Application" duration-ms="1157" started-at="2021-10-19T16:28:21 IST" finished-at="2021-10-19T16:28:23 IST">
          <reporter-output>
          </reporter-output>
        </test-method> <!-- Application -->
        <test-method status="PASS" signature="Teardown(org.testng.ITestResult)[pri:0, instance:ngExtentReport.PrimusBank@26aa12dd]" name="Teardown" is-config="true" duration-ms="1" started-at="2021-10-19T16:28:23 IST" finished-at="2021-10-19T16:28:23 IST">
          <params>
            <param index="0">
              <value>
                <![CDATA[[TestResult name=Application status=SUCCESS method=PrimusBank.Application()[pri:0, instance:ngExtentReport.PrimusBank@26aa12dd] output={null}]]]>
              </value>
            </param>
          </params>
          <reporter-output>
          </reporter-output>
        </test-method> <!-- Teardown -->
        <test-method status="PASS" signature="getResults(org.testng.ITestResult)[pri:0, instance:ngExtentReport.PrimusBank@26aa12dd]" name="getResults" is-config="true" duration-ms="1" started-at="2021-10-19T16:28:23 IST" finished-at="2021-10-19T16:28:23 IST">
          <params>
            <param index="0">
              <value>
                <![CDATA[[TestResult name=Application status=SUCCESS method=PrimusBank.Application()[pri:0, instance:ngExtentReport.PrimusBank@26aa12dd] output={null}]]]>
              </value>
            </param>
          </params>
          <reporter-output>
          </reporter-output>
        </test-method> <!-- getResults -->
        <test-method status="PASS" signature="Login()[pri:0, instance:ngExtentReport.PrimusBank@26aa12dd]" name="Login" duration-ms="1030" started-at="2021-10-19T16:28:23 IST" finished-at="2021-10-19T16:28:24 IST">
          <reporter-output>
          </reporter-output>
        </test-method> <!-- Login -->
        <test-method status="PASS" signature="Teardown(org.testng.ITestResult)[pri:0, instance:ngExtentReport.PrimusBank@26aa12dd]" name="Teardown" is-config="true" duration-ms="1" started-at="2021-10-19T16:28:24 IST" finished-at="2021-10-19T16:28:24 IST">
          <params>
            <param index="0">
              <value>
                <![CDATA[[TestResult name=Login status=SUCCESS method=PrimusBank.Login()[pri:0, instance:ngExtentReport.PrimusBank@26aa12dd] output={null}]]]>
              </value>
            </param>
          </params>
          <reporter-output>
          </reporter-output>
        </test-method> <!-- Teardown -->
        <test-method status="PASS" signature="getResults(org.testng.ITestResult)[pri:0, instance:ngExtentReport.PrimusBank@26aa12dd]" name="getResults" is-config="true" duration-ms="1" started-at="2021-10-19T16:28:24 IST" finished-at="2021-10-19T16:28:24 IST">
          <params>
            <param index="0">
              <value>
                <![CDATA[[TestResult name=Login status=SUCCESS method=PrimusBank.Login()[pri:0, instance:ngExtentReport.PrimusBank@26aa12dd] output={null}]]]>
              </value>
            </param>
          </params>
          <reporter-output>
          </reporter-output>
        </test-method> <!-- getResults -->
        <test-method status="PASS" signature="bank()[pri:1, instance:ngExtentReport.PrimusBank@26aa12dd]" name="bank" duration-ms="320" started-at="2021-10-19T16:28:24 IST" finished-at="2021-10-19T16:28:24 IST">
          <reporter-output>
          </reporter-output>
        </test-method> <!-- bank -->
        <test-method status="PASS" signature="Teardown(org.testng.ITestResult)[pri:0, instance:ngExtentReport.PrimusBank@26aa12dd]" name="Teardown" is-config="true" duration-ms="1" started-at="2021-10-19T16:28:24 IST" finished-at="2021-10-19T16:28:24 IST">
          <params>
            <param index="0">
              <value>
                <![CDATA[[TestResult name=bank status=SUCCESS method=PrimusBank.bank()[pri:1, instance:ngExtentReport.PrimusBank@26aa12dd] output={null}]]]>
              </value>
            </param>
          </params>
          <reporter-output>
          </reporter-output>
        </test-method> <!-- Teardown -->
        <test-method status="PASS" signature="getResults(org.testng.ITestResult)[pri:0, instance:ngExtentReport.PrimusBank@26aa12dd]" name="getResults" is-config="true" duration-ms="6" started-at="2021-10-19T16:28:24 IST" finished-at="2021-10-19T16:28:24 IST">
          <params>
            <param index="0">
              <value>
                <![CDATA[[TestResult name=bank status=SUCCESS method=PrimusBank.bank()[pri:1, instance:ngExtentReport.PrimusBank@26aa12dd] output={null}]]]>
              </value>
            </param>
          </params>
          <reporter-output>
          </reporter-output>
        </test-method> <!-- getResults -->
        <test-method status="PASS" signature="Country()[pri:2, instance:ngExtentReport.PrimusBank@26aa12dd]" name="Country" duration-ms="232" started-at="2021-10-19T16:28:24 IST" finished-at="2021-10-19T16:28:24 IST">
          <reporter-output>
          </reporter-output>
        </test-method> <!-- Country -->
        <test-method status="PASS" signature="getResults(org.testng.ITestResult)[pri:0, instance:ngExtentReport.PrimusBank@26aa12dd]" name="getResults" is-config="true" duration-ms="1" started-at="2021-10-19T16:28:24 IST" finished-at="2021-10-19T16:28:24 IST">
          <params>
            <param index="0">
              <value>
                <![CDATA[[TestResult name=Country status=SUCCESS method=PrimusBank.Country()[pri:2, instance:ngExtentReport.PrimusBank@26aa12dd] output={null}]]]>
              </value>
            </param>
          </params>
          <reporter-output>
          </reporter-output>
        </test-method> <!-- getResults -->
        <test-method status="PASS" signature="Teardown(org.testng.ITestResult)[pri:0, instance:ngExtentReport.PrimusBank@26aa12dd]" name="Teardown" is-config="true" duration-ms="0" started-at="2021-10-19T16:28:24 IST" finished-at="2021-10-19T16:28:24 IST">
          <params>
            <param index="0">
              <value>
                <![CDATA[[TestResult name=Country status=SUCCESS method=PrimusBank.Country()[pri:2, instance:ngExtentReport.PrimusBank@26aa12dd] output={null}]]]>
              </value>
            </param>
          </params>
          <reporter-output>
          </reporter-output>
        </test-method> <!-- Teardown -->
        <test-method status="PASS" signature="State()[pri:3, instance:ngExtentReport.PrimusBank@26aa12dd]" name="State" duration-ms="254" started-at="2021-10-19T16:28:24 IST" finished-at="2021-10-19T16:28:24 IST">
          <reporter-output>
          </reporter-output>
        </test-method> <!-- State -->
        <test-method status="PASS" signature="Teardown(org.testng.ITestResult)[pri:0, instance:ngExtentReport.PrimusBank@26aa12dd]" name="Teardown" is-config="true" duration-ms="1" started-at="2021-10-19T16:28:24 IST" finished-at="2021-10-19T16:28:24 IST">
          <params>
            <param index="0">
              <value>
                <![CDATA[[TestResult name=State status=SUCCESS method=PrimusBank.State()[pri:3, instance:ngExtentReport.PrimusBank@26aa12dd] output={null}]]]>
              </value>
            </param>
          </params>
          <reporter-output>
          </reporter-output>
        </test-method> <!-- Teardown -->
        <test-method status="PASS" signature="getResults(org.testng.ITestResult)[pri:0, instance:ngExtentReport.PrimusBank@26aa12dd]" name="getResults" is-config="true" duration-ms="0" started-at="2021-10-19T16:28:24 IST" finished-at="2021-10-19T16:28:24 IST">
          <params>
            <param index="0">
              <value>
                <![CDATA[[TestResult name=State status=SUCCESS method=PrimusBank.State()[pri:3, instance:ngExtentReport.PrimusBank@26aa12dd] output={null}]]]>
              </value>
            </param>
          </params>
          <reporter-output>
          </reporter-output>
        </test-method> <!-- getResults -->
        <test-method status="PASS" signature="City()[pri:4, instance:ngExtentReport.PrimusBank@26aa12dd]" name="City" duration-ms="809" started-at="2021-10-19T16:28:24 IST" finished-at="2021-10-19T16:28:25 IST">
          <reporter-output>
          </reporter-output>
        </test-method> <!-- City -->
        <test-method status="PASS" signature="Teardown(org.testng.ITestResult)[pri:0, instance:ngExtentReport.PrimusBank@26aa12dd]" name="Teardown" is-config="true" duration-ms="1" started-at="2021-10-19T16:28:25 IST" finished-at="2021-10-19T16:28:25 IST">
          <params>
            <param index="0">
              <value>
                <![CDATA[[TestResult name=City status=SUCCESS method=PrimusBank.City()[pri:4, instance:ngExtentReport.PrimusBank@26aa12dd] output={null}]]]>
              </value>
            </param>
          </params>
          <reporter-output>
          </reporter-output>
        </test-method> <!-- Teardown -->
        <test-method status="PASS" signature="getResults(org.testng.ITestResult)[pri:0, instance:ngExtentReport.PrimusBank@26aa12dd]" name="getResults" is-config="true" duration-ms="1" started-at="2021-10-19T16:28:25 IST" finished-at="2021-10-19T16:28:25 IST">
          <params>
            <param index="0">
              <value>
                <![CDATA[[TestResult name=City status=SUCCESS method=PrimusBank.City()[pri:4, instance:ngExtentReport.PrimusBank@26aa12dd] output={null}]]]>
              </value>
            </param>
          </params>
          <reporter-output>
          </reporter-output>
        </test-method> <!-- getResults -->
        <test-method status="PASS" signature="AvailableBank()[pri:5, instance:ngExtentReport.PrimusBank@26aa12dd]" name="AvailableBank" duration-ms="91" started-at="2021-10-19T16:28:25 IST" finished-at="2021-10-19T16:28:25 IST">
          <reporter-output>
          </reporter-output>
        </test-method> <!-- AvailableBank -->
        <test-method status="PASS" signature="Teardown(org.testng.ITestResult)[pri:0, instance:ngExtentReport.PrimusBank@26aa12dd]" name="Teardown" is-config="true" duration-ms="1" started-at="2021-10-19T16:28:25 IST" finished-at="2021-10-19T16:28:25 IST">
          <params>
            <param index="0">
              <value>
                <![CDATA[[TestResult name=AvailableBank status=SUCCESS method=PrimusBank.AvailableBank()[pri:5, instance:ngExtentReport.PrimusBank@26aa12dd] output={null}]]]>
              </value>
            </param>
          </params>
          <reporter-output>
          </reporter-output>
        </test-method> <!-- Teardown -->
        <test-method status="PASS" signature="getResults(org.testng.ITestResult)[pri:0, instance:ngExtentReport.PrimusBank@26aa12dd]" name="getResults" is-config="true" duration-ms="1" started-at="2021-10-19T16:28:25 IST" finished-at="2021-10-19T16:28:25 IST">
          <params>
            <param index="0">
              <value>
                <![CDATA[[TestResult name=AvailableBank status=SUCCESS method=PrimusBank.AvailableBank()[pri:5, instance:ngExtentReport.PrimusBank@26aa12dd] output={null}]]]>
              </value>
            </param>
          </params>
          <reporter-output>
          </reporter-output>
        </test-method> <!-- getResults -->
        <test-method status="PASS" signature="Logout()[pri:6, instance:ngExtentReport.PrimusBank@26aa12dd]" name="Logout" duration-ms="1820" started-at="2021-10-19T16:28:25 IST" finished-at="2021-10-19T16:28:27 IST">
          <reporter-output>
          </reporter-output>
        </test-method> <!-- Logout -->
        <test-method status="PASS" signature="Teardown(org.testng.ITestResult)[pri:0, instance:ngExtentReport.PrimusBank@26aa12dd]" name="Teardown" is-config="true" duration-ms="1" started-at="2021-10-19T16:28:27 IST" finished-at="2021-10-19T16:28:27 IST">
          <params>
            <param index="0">
              <value>
                <![CDATA[[TestResult name=Logout status=SUCCESS method=PrimusBank.Logout()[pri:6, instance:ngExtentReport.PrimusBank@26aa12dd] output={null}]]]>
              </value>
            </param>
          </params>
          <reporter-output>
          </reporter-output>
        </test-method> <!-- Teardown -->
        <test-method status="PASS" signature="getResults(org.testng.ITestResult)[pri:0, instance:ngExtentReport.PrimusBank@26aa12dd]" name="getResults" is-config="true" duration-ms="0" started-at="2021-10-19T16:28:27 IST" finished-at="2021-10-19T16:28:27 IST">
          <params>
            <param index="0">
              <value>
                <![CDATA[[TestResult name=Logout status=SUCCESS method=PrimusBank.Logout()[pri:6, instance:ngExtentReport.PrimusBank@26aa12dd] output={null}]]]>
              </value>
            </param>
          </params>
          <reporter-output>
          </reporter-output>
        </test-method> <!-- getResults -->
      </class> <!-- ngExtentReport.PrimusBank -->
    </test> <!-- Test -->
  </suite> <!-- Suite -->
</testng-results>
