<?xml version="1.0" encoding="UTF-8"?>
<testsuite xmlns:xsi="http://www.w3.org/2001/XMLSchema-instance" xsi:noNamespaceSchemaLocation="https://maven.apache.org/surefire/maven-surefire-plugin/xsd/surefire-test-report-3.0.xsd" version="3.0" name="TestSuite" time="80.864" tests="17" errors="0" skipped="0" failures="1">
  <properties>
[...]
</properties>
  <testcase name="Application" classname="ngExtentReport.Amazon" time="27.701">
    <system-out><![CDATA[https://www.amazon.in/
]]></system-out>
    <system-err><![CDATA[Starting ChromeDriver 94.0.4606.61 (418b78f5838ed0b1c69bb4e51ea0252171854915-refs/branch-heads/4606@{#1204}) on port 1920
Only local connections are allowed.
Please see https://chromedriver.chromium.org/security-considerations for suggestions on keeping ChromeDriver safe.
ChromeDriver was started successfully.
Oct 19, 2021 4:27:34 PM org.openqa.selenium.remote.ProtocolHandshake createSession
INFO: Detected dialect: W3C
]]></system-err>
  </testcase>
  <testcase name="validation" classname="ngExtentReport.Amazon" time="3.045"/>
  <testcase name="verifyTitle" classname="ngExtentReport.Amazon" time="0.058">
    <system-out><![CDATA[Title: Online Shopping site in India: Shop Online for Mobiles, Books, Watches, Shoes and More - Amazon.in
]]></system-out>
  </testcase>
  <testcase name="SearchMobile" classname="ngExtentReport.Amazon" time="6.996">
    <system-out><![CDATA[Product name:   true
]]></system-out>
  </testcase>
  <testcase name="clickonMobile" classname="ngExtentReport.Amazon" time="0.216"/>
  <testcase name="BrandName" classname="ngExtentReport.Amazon" time="1.794">
    <failure message="element click intercepted: Element &lt;span class=&quot;a-size-base a-color-base&quot; dir=&quot;auto&quot;&gt;...&lt;/span&gt; is not clickable at point (72, 505). Other element would receive the click: &lt;div id=&quot;nav-cover&quot; style=&quot;z-index: auto; height: 8912px; display: block;&quot;&gt;&lt;/div&gt;&#10;  (Session info: chrome=94.0.4606.81)&#10;Build info: version: &apos;3.141.59&apos;, revision: &apos;e82be7d358&apos;, time: &apos;2018-11-14T08:17:03&apos;&#10;System info: host: &apos;PRARTHAA&apos;, ip: &apos;192.168.43.4&apos;, os.name: &apos;Windows 10&apos;, os.arch: &apos;amd64&apos;, os.version: &apos;10.0&apos;, java.version: &apos;1.8.0_192&apos;&#10;Driver info: org.openqa.selenium.chrome.ChromeDriver&#10;Capabilities {acceptInsecureCerts: false, browserName: chrome, browserVersion: 94.0.4606.81, chrome: {chromedriverVersion: 94.0.4606.61 (418b78f5838ed..., userDataDir: C:\Users\DELL\AppData\Local...}, goog:chromeOptions: {debuggerAddress: localhost:52940}, javascriptEnabled: true, networkConnectionEnabled: false, pageLoadStrategy: normal, platform: WINDOWS, platformName: WINDOWS, proxy: Proxy(), setWindowRect: true, strictFileInteractability: false, timeouts: {implicit: 0, pageLoad: 300000, script: 30000}, unhandledPromptBehavior: dismiss and notify, webauthn:extension:credBlob: true, webauthn:extension:largeBlob: true, webauthn:virtualAuthenticators: true}&#10;Session ID: 8b66b4835883d6981583fe2ecf88db25" type="org.openqa.selenium.ElementClickInterceptedException"><![CDATA[org.openqa.selenium.ElementClickInterceptedException: 
element click intercepted: Element <span class="a-size-base a-color-base" dir="auto">...</span> is not clickable at point (72, 505). Other element would receive the click: <div id="nav-cover" style="z-index: auto; height: 8912px; display: block;"></div>
  (Session info: chrome=94.0.4606.81)
Build info: version: '3.141.59', revision: 'e82be7d358', time: '2018-11-14T08:17:03'
System info: host: 'PRARTHAA', ip: '192.168.43.4', os.name: 'Windows 10', os.arch: 'amd64', os.version: '10.0', java.version: '1.8.0_192'
Driver info: org.openqa.selenium.chrome.ChromeDriver
Capabilities {acceptInsecureCerts: false, browserName: chrome, browserVersion: 94.0.4606.81, chrome: {chromedriverVersion: 94.0.4606.61 (418b78f5838ed..., userDataDir: C:\Users\DELL\AppData\Local...}, goog:chromeOptions: {debuggerAddress: localhost:52940}, javascriptEnabled: true, networkConnectionEnabled: false, pageLoadStrategy: normal, platform: WINDOWS, platformName: WINDOWS, proxy: Proxy(), setWindowRect: true, strictFileInteractability: false, timeouts: {implicit: 0, pageLoad: 300000, script: 30000}, unhandledPromptBehavior: dismiss and notify, webauthn:extension:credBlob: true, webauthn:extension:largeBlob: true, webauthn:virtualAuthenticators: true}
Session ID: 8b66b4835883d6981583fe2ecf88db25
	at ngExtentReport.Amazon.BrandName(Amazon.java:85)
]]></failure>
  </testcase>
  <testcase name="LowPriceRange" classname="ngExtentReport.Amazon" time="0.183"/>
  <testcase name="HighPriceRange" classname="ngExtentReport.Amazon" time="0.187"/>
  <testcase name="GoButton" classname="ngExtentReport.Amazon" time="3.884"/>
  <testcase name="Application" classname="ngExtentReport.PrimusBank" time="1.157">
    <system-out><![CDATA[http://primusbank.qedgetech.com/
]]></system-out>
  </testcase>
  <testcase name="Login" classname="ngExtentReport.PrimusBank" time="1.029"/>
  <testcase name="bank" classname="ngExtentReport.PrimusBank" time="0.336">
    <system-out><![CDATA[Branch Logo clickable is displayed
]]></system-out>
  </testcase>
  <testcase name="Country" classname="ngExtentReport.PrimusBank" time="0.227"/>
  <testcase name="State" classname="ngExtentReport.PrimusBank" time="0.254"/>
  <testcase name="City" classname="ngExtentReport.PrimusBank" time="0.812">
    <system-out><![CDATA[City is selected
]]></system-out>
  </testcase>
  <testcase name="AvailableBank" classname="ngExtentReport.PrimusBank" time="0.095">
    <system-out><![CDATA[Branch Details
Total Bank Available this Area:  1
]]></system-out>
  </testcase>
  <testcase name="Logout" classname="ngExtentReport.PrimusBank" time="1.821"/>
</testsuite>